2025-07-09 16:05:18 INFO  PaymentMainApplication:50 - Starting PaymentMainApplication using Java 17.0.10 with PID 4000 (C:\Users\Vicky\Downloads\MCS\MCS_App_08Jul2025\payment-svc\build\classes\java\main started by Vicky in C:\Users\Vicky\Downloads\MCS\MCS_App_08Jul2025)
2025-07-09 16:05:18 DEBUG PaymentMainApplication:51 - Running with Spring Boot v3.2.4, Spring v6.1.5
2025-07-09 16:05:18 INFO  PaymentMainApplication:654 - No active profile set, falling back to 1 default profile: "default"
2025-07-09 16:05:19 INFO  TomcatWebServer:109 - Tomcat initialized with port 8001 (http)
2025-07-09 16:05:19 INFO  Http11NioProtocol:173 - Initializing ProtocolHandler ["http-nio-8001"]
2025-07-09 16:05:19 INFO  StandardService:173 - Starting service [Tomcat]
2025-07-09 16:05:19 INFO  StandardEngine:173 - Starting Servlet engine: [Apache Tomcat/10.1.19]
2025-07-09 16:05:19 INFO  [/]:173 - Initializing Spring embedded WebApplicationContext
2025-07-09 16:05:19 INFO  ServletWebServerApplicationContext:296 - Root WebApplicationContext: initialization completed in 1508 ms
2025-07-09 16:05:20 INFO  Http11NioProtocol:173 - Starting ProtocolHandler ["http-nio-8001"]
2025-07-09 16:05:20 INFO  TomcatWebServer:241 - Tomcat started on port 8001 (http) with context path ''
2025-07-09 16:05:20 INFO  PaymentMainApplication:56 - Started PaymentMainApplication in 2.621 seconds (process running for 3.602)
2025-07-09 16:05:37 INFO  [/]:173 - Initializing Spring DispatcherServlet 'dispatcherServlet'
2025-07-09 16:05:37 INFO  DispatcherServlet:532 - Initializing Servlet 'dispatcherServlet'
2025-07-09 16:05:37 INFO  DispatcherServlet:554 - Completed initialization in 1 ms
2025-07-09 16:05:37 INFO  PaymentController:17 - starts: Received request to process payment data
2025-07-09 16:57:36 INFO  PaymentMainApplication:50 - Starting PaymentMainApplication using Java 17.0.10 with PID 15928 (C:\Users\Vicky\Downloads\MCS\MCS_App_08Jul2025\payment-svc\build\classes\java\main started by Vicky in C:\Users\Vicky\Downloads\MCS\MCS_App_08Jul2025)
2025-07-09 16:57:36 DEBUG PaymentMainApplication:51 - Running with Spring Boot v3.2.4, Spring v6.1.5
2025-07-09 16:57:36 INFO  PaymentMainApplication:654 - No active profile set, falling back to 1 default profile: "default"
2025-07-09 16:57:38 INFO  TomcatWebServer:109 - Tomcat initialized with port 8001 (http)
2025-07-09 16:57:38 INFO  Http11NioProtocol:173 - Initializing ProtocolHandler ["http-nio-8001"]
2025-07-09 16:57:38 INFO  StandardService:173 - Starting service [Tomcat]
2025-07-09 16:57:38 INFO  StandardEngine:173 - Starting Servlet engine: [Apache Tomcat/10.1.19]
2025-07-09 16:57:38 INFO  [/]:173 - Initializing Spring embedded WebApplicationContext
2025-07-09 16:57:38 INFO  ServletWebServerApplicationContext:296 - Root WebApplicationContext: initialization completed in 1569 ms
2025-07-09 16:57:39 INFO  Http11NioProtocol:173 - Starting ProtocolHandler ["http-nio-8001"]
2025-07-09 16:57:39 INFO  TomcatWebServer:241 - Tomcat started on port 8001 (http) with context path ''
2025-07-09 16:57:39 INFO  PaymentMainApplication:56 - Started PaymentMainApplication in 2.832 seconds (process running for 3.871)
2025-07-09 17:02:39 INFO  PaymentMainApplication:50 - Starting PaymentMainApplication using Java 17.0.10 with PID 17464 (C:\Users\Vicky\Downloads\MCS\MCS_App_08Jul2025\payment-svc\build\classes\java\main started by Vicky in C:\Users\Vicky\Downloads\MCS\MCS_App_08Jul2025)
2025-07-09 17:02:39 DEBUG PaymentMainApplication:51 - Running with Spring Boot v3.2.4, Spring v6.1.5
2025-07-09 17:02:39 INFO  PaymentMainApplication:654 - No active profile set, falling back to 1 default profile: "default"
2025-07-09 17:02:40 INFO  TomcatWebServer:109 - Tomcat initialized with port 8001 (http)
2025-07-09 17:02:40 INFO  Http11NioProtocol:173 - Initializing ProtocolHandler ["http-nio-8001"]
2025-07-09 17:02:40 INFO  StandardService:173 - Starting service [Tomcat]
2025-07-09 17:02:40 INFO  StandardEngine:173 - Starting Servlet engine: [Apache Tomcat/10.1.19]
2025-07-09 17:02:41 INFO  [/]:173 - Initializing Spring embedded WebApplicationContext
2025-07-09 17:02:41 INFO  ServletWebServerApplicationContext:296 - Root WebApplicationContext: initialization completed in 1628 ms
2025-07-09 17:02:41 INFO  Http11NioProtocol:173 - Starting ProtocolHandler ["http-nio-8001"]
2025-07-09 17:02:41 INFO  TomcatWebServer:241 - Tomcat started on port 8001 (http) with context path ''
2025-07-09 17:02:41 INFO  PaymentMainApplication:56 - Started PaymentMainApplication in 2.836 seconds (process running for 3.823)
